Using pre-set license
Built from '2022.3/staging' branch; Version is '2022.3.21f1 (bf09ca542b87) revision 12519882'; Using compiler version '192829333'; Build Type 'Release'
OS: 'Windows 10  (10.0.19045) 64bit Professional' Language: 'pl' Physical Memory: 16315 MB
BatchMode: 1, IsHumanControllingUs: 0, StartBugReporterOnCrash: 0, Is64bit: 1, IsPro: 1

COMMAND LINE ARGUMENTS:
D:\UNITY\Unity Hub\2022.3.21f1\Editor\Unity.exe
-adb2
-batchMode
-noUpm
-name
AssetImportWorker0
-projectPath
C:/Users/Maciek/Downloads/2worlds (1)/2worlds/Assets
-logFile
Logs/AssetImportWorker0.log
-srvPort
49637
Successfully changed project path to: C:/Users/Maciek/Downloads/2worlds (1)/2worlds/Assets
C:/Users/Maciek/Downloads/2worlds (1)/2worlds/Assets
[UnityMemory] Configuration Parameters - Can be set up in boot.config
    "memorysetup-bucket-allocator-granularity=16"
    "memorysetup-bucket-allocator-bucket-count=8"
    "memorysetup-bucket-allocator-block-size=33554432"
    "memorysetup-bucket-allocator-block-count=8"
    "memorysetup-main-allocator-block-size=16777216"
    "memorysetup-thread-allocator-block-size=16777216"
    "memorysetup-gfx-main-allocator-block-size=16777216"
    "memorysetup-gfx-thread-allocator-block-size=16777216"
    "memorysetup-cache-allocator-block-size=4194304"
    "memorysetup-typetree-allocator-block-size=2097152"
    "memorysetup-profiler-bucket-allocator-granularity=16"
    "memorysetup-profiler-bucket-allocator-bucket-count=8"
    "memorysetup-profiler-bucket-allocator-block-size=33554432"
    "memorysetup-profiler-bucket-allocator-block-count=8"
    "memorysetup-profiler-allocator-block-size=16777216"
    "memorysetup-profiler-editor-allocator-block-size=1048576"
    "memorysetup-temp-allocator-size-main=16777216"
    "memorysetup-job-temp-allocator-block-size=2097152"
    "memorysetup-job-temp-allocator-block-size-background=1048576"
    "memorysetup-job-temp-allocator-reduction-small-platforms=262144"
    "memorysetup-allocator-temp-initial-block-size-main=262144"
    "memorysetup-allocator-temp-initial-block-size-worker=262144"
    "memorysetup-temp-allocator-size-background-worker=32768"
    "memorysetup-temp-allocator-size-job-worker=262144"
    "memorysetup-temp-allocator-size-preload-manager=33554432"
    "memorysetup-temp-allocator-size-nav-mesh-worker=65536"
    "memorysetup-temp-allocator-size-audio-worker=65536"
    "memorysetup-temp-allocator-size-cloud-worker=32768"
    "memorysetup-temp-allocator-size-gi-baking-worker=262144"
    "memorysetup-temp-allocator-size-gfx=262144"
Player connection [26468] Host "[IP] 192.168.55.114 [Port] 0 [Flags] 2 [Guid] 3904024368 [EditorId] 3904024368 [Version] 1048832 [Id] WindowsEditor(7,DESKTOP-C4H1P6J) [Debug] 1 [PackageName] WindowsEditor [ProjectName] Editor" joined multi-casting on [225.0.0.222:54997]...

Player connection [26468] Host "[IP] 192.168.55.114 [Port] 0 [Flags] 2 [Guid] 3904024368 [EditorId] 3904024368 [Version] 1048832 [Id] WindowsEditor(7,DESKTOP-C4H1P6J) [Debug] 1 [PackageName] WindowsEditor [ProjectName] Editor" joined alternative multi-casting on [225.0.0.222:34997]...

[Physics::Module] Initialized MultithreadedJobDispatcher with 5 workers.
Refreshing native plugins compatible for Editor in 0.00 ms, found 0 plugins.
Preloading 0 native plugins for Editor in 0.00 ms.
Initialize engine version: 2022.3.21f1 (bf09ca542b87)
[Subsystems] Discovering subsystems at path D:/UNITY/Unity Hub/2022.3.21f1/Editor/Data/Resources/UnitySubsystems
[Subsystems] Discovering subsystems at path C:/Users/Maciek/Downloads/2worlds (1)/2worlds/Assets/Assets
GfxDevice: creating device client; threaded=0; jobified=0
Direct3D:
    Version:  Direct3D 11.0 [level 11.1]
    Renderer: ASUS Radeon RX 5600 XT (ID=0x731f)
    Vendor:   ATI
    VRAM:     6103 MB
    Driver:   31.0.24002.92
Initialize mono
Mono path[0] = 'D:/UNITY/Unity Hub/2022.3.21f1/Editor/Data/Managed'
Mono path[1] = 'D:/UNITY/Unity Hub/2022.3.21f1/Editor/Data/MonoBleedingEdge/lib/mono/unityjit-win32'
Mono config path = 'D:/UNITY/Unity Hub/2022.3.21f1/Editor/Data/MonoBleedingEdge/etc'
Using monoOptions --debugger-agent=transport=dt_socket,embedding=1,server=y,suspend=n,address=127.0.0.1:56384
Begin MonoManager ReloadAssembly
Registering precompiled unity dll's ...
Register platform support module: D:/UNITY/Unity Hub/2022.3.21f1/Editor/Data/PlaybackEngines/WebGLSupport/UnityEditor.WebGL.Extensions.dll
Register platform support module: D:/UNITY/Unity Hub/2022.3.21f1/Editor/Data/PlaybackEngines/WindowsStandaloneSupport/UnityEditor.WindowsStandalone.Extensions.dll
Registered in 0.005743 seconds.
- Loaded All Assemblies, in  0.385 seconds
Native extension for WindowsStandalone target not found
Native extension for WebGL target not found
Mono: successfully reloaded assembly
- Finished resetting the current domain, in  0.342 seconds
Domain Reload Profiling: 728ms
	BeginReloadAssembly (108ms)
		ExecutionOrderSort (0ms)
		DisableScriptedObjects (0ms)
		BackupInstance (0ms)
		ReleaseScriptingObjects (0ms)
		CreateAndSetChildDomain (1ms)
	RebuildCommonClasses (39ms)
	RebuildNativeTypeToScriptingClass (13ms)
	initialDomainReloadingComplete (57ms)
	LoadAllAssembliesAndSetupDomain (168ms)
		LoadAssemblies (108ms)
		RebuildTransferFunctionScriptingTraits (0ms)
		AnalyzeDomain (166ms)
			TypeCache.Refresh (164ms)
				TypeCache.ScanAssembly (149ms)
			ScanForSourceGeneratedMonoScriptInfo (0ms)
			ResolveRequiredComponents (1ms)
	FinalizeReload (343ms)
		ReleaseScriptCaches (0ms)
		RebuildScriptCaches (0ms)
		SetupLoadedEditorAssemblies (266ms)
			LogAssemblyErrors (0ms)
			InitializePlatformSupportModulesInManaged (10ms)
			SetLoadedEditorAssemblies (6ms)
			RefreshPlugins (0ms)
			BeforeProcessingInitializeOnLoad (4ms)
			ProcessInitializeOnLoadAttributes (176ms)
			ProcessInitializeOnLoadMethodAttributes (69ms)
			AfterProcessingInitializeOnLoad (0ms)
			EditorAssembliesLoaded (0ms)
		ExecutionOrderSort2 (0ms)
		AwakeInstancesAfterBackupRestoration (0ms)
========================================================================
Worker process is ready to serve import requests
Begin MonoManager ReloadAssembly
- Loaded All Assemblies, in  0.239 seconds
Refreshing native plugins compatible for Editor in 0.00 ms, found 0 plugins.
Native extension for WindowsStandalone target not found
Native extension for WebGL target not found
Mono: successfully reloaded assembly
- Finished resetting the current domain, in  0.378 seconds
Domain Reload Profiling: 617ms
	BeginReloadAssembly (158ms)
		ExecutionOrderSort (0ms)
		DisableScriptedObjects (8ms)
		BackupInstance (0ms)
		ReleaseScriptingObjects (0ms)
		CreateAndSetChildDomain (22ms)
	RebuildCommonClasses (39ms)
	RebuildNativeTypeToScriptingClass (13ms)
	initialDomainReloadingComplete (22ms)
	LoadAllAssembliesAndSetupDomain (7ms)
		LoadAssemblies (89ms)
		RebuildTransferFunctionScriptingTraits (0ms)
		AnalyzeDomain (5ms)
			TypeCache.Refresh (3ms)
				TypeCache.ScanAssembly (0ms)
			ScanForSourceGeneratedMonoScriptInfo (0ms)
			ResolveRequiredComponents (1ms)
	FinalizeReload (379ms)
		ReleaseScriptCaches (0ms)
		RebuildScriptCaches (0ms)
		SetupLoadedEditorAssemblies (234ms)
			LogAssemblyErrors (0ms)
			InitializePlatformSupportModulesInManaged (7ms)
			SetLoadedEditorAssemblies (6ms)
			RefreshPlugins (0ms)
			BeforeProcessingInitializeOnLoad (25ms)
			ProcessInitializeOnLoadAttributes (169ms)
			ProcessInitializeOnLoadMethodAttributes (23ms)
			AfterProcessingInitializeOnLoad (3ms)
			EditorAssembliesLoaded (0ms)
		ExecutionOrderSort2 (0ms)
		AwakeInstancesAfterBackupRestoration (7ms)
Launched and connected shader compiler UnityShaderCompiler.exe after 0.05 seconds
Refreshing native plugins compatible for Editor in 0.00 ms, found 0 plugins.
Preloading 0 native plugins for Editor in 0.00 ms.
Unloading 6 Unused Serialized files (Serialized files now loaded: 0)
Unloading 3 unused Assets / (40.0 KB). Loaded Objects now: 477.
Memory consumption went from 51.7 MB to 51.6 MB.
Total: 2.306500 ms (FindLiveObjects: 0.043500 ms CreateObjectMapping: 0.003100 ms MarkObjects: 2.201400 ms  DeleteObjects: 0.057700 ms)

AssetImportParameters requested are different than current active one (requested -> active):
  custom:video-decoder-ogg-theora: a1e56fd34408186e4bbccfd4996cb3dc -> 
  custom:container-muxer-webm: aa71ff27fc2769a1b78a27578f13a17b -> 
  custom:container-demuxer-webm: 4f35f7cbe854078d1ac9338744f61a02 -> 
  custom:video-encoder-webm-vp8: eb34c28f22e8b96e1ab97ce403110664 -> 
  custom:CustomObjectIndexerAttribute: 9a22284fe3817be447336de3de66b15e -> 
  custom:audio-encoder-webm-vorbis: bf7c407c2cedff20999df2af8eb42d56 -> 
  custom:framework-win-MediaFoundation: 216162199b28c13a410421893ffa2e32 -> 
  custom:SearchIndexIgnoredProperties: e643bd26f0fe6173181afceb89e7c659 -> 
  custom:container-demuxer-ogg: 62fdf1f143b41e24485cea50d1cbac27 -> 
  custom:video-decoder-webm-vp8: 9c59270c3fd7afecdb556c50c9e8de78 -> 
  custom:audio-decoder-ogg-vorbis: bf7c407c2cedff20999df2af8eb42d56 -> 
  custom:AudioImporter_EditorPlatform: d09bf68614088b80899f8185d706f6e7 -> 
========================================================================
Received Import Request.
  Time since last request: 259866.430491 seconds.
  path: Assets/Character/Walk.png
  artifactKey: Guid(8ea8f1c8c68ebbc4bba612833023a94c) Importer(815301076,1909f56bfc062723c751e8b465ee728b)
Start importing Assets/Character/Walk.png using Guid(8ea8f1c8c68ebbc4bba612833023a94c) Importer(815301076,1909f56bfc062723c751e8b465ee728b)  -> (artifact id: 'a3b1def9f3d0e58c15230ae2945a037c') in 0.117013 seconds
Number of updated asset objects reloaded before import = 0
Number of asset objects unloaded after import = 8
========================================================================
Received Import Request.
  Time since last request: 0.000018 seconds.
  path: Assets/Character/Jump.png
  artifactKey: Guid(3dfb7040d235ed841a69a4ae26cb4ef4) Importer(815301076,1909f56bfc062723c751e8b465ee728b)
Start importing Assets/Character/Jump.png using Guid(3dfb7040d235ed841a69a4ae26cb4ef4) Importer(815301076,1909f56bfc062723c751e8b465ee728b)  -> (artifact id: '02226e52a9c4a8d02f9086b779590b88') in 0.022131 seconds
Number of updated asset objects reloaded before import = 0
Number of asset objects unloaded after import = 10
========================================================================
Received Import Request.
  Time since last request: 0.000014 seconds.
  path: Assets/Character/Idle.png
  artifactKey: Guid(0ef1f8d2b6702c44491f327b124c9313) Importer(815301076,1909f56bfc062723c751e8b465ee728b)
Start importing Assets/Character/Idle.png using Guid(0ef1f8d2b6702c44491f327b124c9313) Importer(815301076,1909f56bfc062723c751e8b465ee728b)  -> (artifact id: '07ba6b652c1c2574ba71495806d61813') in 0.018456 seconds
Number of updated asset objects reloaded before import = 0
Number of asset objects unloaded after import = 6
========================================================================
Received Import Request.
  Time since last request: 0.000015 seconds.
  path: Assets/Character/Push.png
  artifactKey: Guid(9f75f120cf6e3af438c50cd94fa722cb) Importer(815301076,1909f56bfc062723c751e8b465ee728b)
Start importing Assets/Character/Push.png using Guid(9f75f120cf6e3af438c50cd94fa722cb) Importer(815301076,1909f56bfc062723c751e8b465ee728b)  -> (artifact id: 'c778961eeac57fa6ff6e5adfabc0db82') in 0.012803 seconds
Number of updated asset objects reloaded before import = 0
Number of asset objects unloaded after import = 3
========================================================================
Received Import Request.
  Time since last request: 0.000015 seconds.
  path: Assets/Character/Double_Jump_Dust_5.png
  artifactKey: Guid(8233b24f5e4870f4b81b448770258594) Importer(815301076,1909f56bfc062723c751e8b465ee728b)
Start importing Assets/Character/Double_Jump_Dust_5.png using Guid(8233b24f5e4870f4b81b448770258594) Importer(815301076,1909f56bfc062723c751e8b465ee728b)  -> (artifact id: '48dcedfd4b9606022375190bb9d350fc') in 0.018608 seconds
Number of updated asset objects reloaded before import = 0
Number of asset objects unloaded after import = 7
========================================================================
Received Import Request.
  Time since last request: 0.000015 seconds.
  path: Assets/Blue_witch/B_witch_death.png
  artifactKey: Guid(846acb8de28afb94a8ffa19649711fc9) Importer(815301076,1909f56bfc062723c751e8b465ee728b)
Start importing Assets/Blue_witch/B_witch_death.png using Guid(846acb8de28afb94a8ffa19649711fc9) Importer(815301076,1909f56bfc062723c751e8b465ee728b)  -> (artifact id: '4bb09c640fa2302161ee33902c0195b9') in 0.013663 seconds
Number of updated asset objects reloaded before import = 0
Number of asset objects unloaded after import = 3
========================================================================
Received Import Request.
  Time since last request: 0.000015 seconds.
  path: Assets/Character/Walk_Run_Push.png
  artifactKey: Guid(0a235435df0da5249a36ba31167f2c96) Importer(815301076,1909f56bfc062723c751e8b465ee728b)
Start importing Assets/Character/Walk_Run_Push.png using Guid(0a235435df0da5249a36ba31167f2c96) Importer(815301076,1909f56bfc062723c751e8b465ee728b)  -> (artifact id: '4ed6fa29d7ca232e2f5d6bad5957e0ca') in 0.020801 seconds
Number of updated asset objects reloaded before import = 0
Number of asset objects unloaded after import = 8
========================================================================
Received Import Request.
  Time since last request: 0.000018 seconds.
  path: Assets/Character/Run.png
  artifactKey: Guid(d2f8af4728ff77c4fb319900b969ee2b) Importer(815301076,1909f56bfc062723c751e8b465ee728b)
Start importing Assets/Character/Run.png using Guid(d2f8af4728ff77c4fb319900b969ee2b) Importer(815301076,1909f56bfc062723c751e8b465ee728b)  -> (artifact id: '4e54fefcc64977bd2b737019b84a5922') in 0.020327 seconds
Number of updated asset objects reloaded before import = 0
Number of asset objects unloaded after import = 8
========================================================================
Received Import Request.
  Time since last request: 0.000024 seconds.
  path: Assets/Character/Owlet_Monster.png
  artifactKey: Guid(8c61de04c410f6445a8ca027d6f4889c) Importer(815301076,1909f56bfc062723c751e8b465ee728b)
Start importing Assets/Character/Owlet_Monster.png using Guid(8c61de04c410f6445a8ca027d6f4889c) Importer(815301076,1909f56bfc062723c751e8b465ee728b)  -> (artifact id: '3eb105a481b38724b73bbeac4a43a81b') in 0.012776 seconds
Number of updated asset objects reloaded before import = 0
Number of asset objects unloaded after import = 3
========================================================================
Received Import Request.
  Time since last request: 0.000016 seconds.
  path: Assets/Character/Hurt.png
  artifactKey: Guid(5c7f73ba92b36024895a6586142a4f07) Importer(815301076,1909f56bfc062723c751e8b465ee728b)
Start importing Assets/Character/Hurt.png using Guid(5c7f73ba92b36024895a6586142a4f07) Importer(815301076,1909f56bfc062723c751e8b465ee728b)  -> (artifact id: 'b785463707567abac2d07153cd665eb6') in 0.014143 seconds
Number of updated asset objects reloaded before import = 0
Number of asset objects unloaded after import = 3
========================================================================
Received Import Request.
  Time since last request: 0.000018 seconds.
  path: Assets/Blue_witch/B_witch_idle.png
  artifactKey: Guid(7aa3ac7f1ec4f5b4d99be06f5f4d7f4a) Importer(815301076,1909f56bfc062723c751e8b465ee728b)
Start importing Assets/Blue_witch/B_witch_idle.png using Guid(7aa3ac7f1ec4f5b4d99be06f5f4d7f4a) Importer(815301076,1909f56bfc062723c751e8b465ee728b)  -> (artifact id: '8cf75dabc07decf60d8808e5c9b0622c') in 0.014978 seconds
Number of updated asset objects reloaded before import = 0
Number of asset objects unloaded after import = 3
========================================================================
Received Import Request.
  Time since last request: 0.000016 seconds.
  path: Assets/Blue_witch/B_witch_attack.png
  artifactKey: Guid(01c4c86f562360648b307bca5bb9a55b) Importer(815301076,1909f56bfc062723c751e8b465ee728b)
Start importing Assets/Blue_witch/B_witch_attack.png using Guid(01c4c86f562360648b307bca5bb9a55b) Importer(815301076,1909f56bfc062723c751e8b465ee728b)  -> (artifact id: 'e49d6e4f25f87f1c6d6eca48f5efe8bf') in 0.014172 seconds
Number of updated asset objects reloaded before import = 0
Number of asset objects unloaded after import = 3
========================================================================
Received Import Request.
  Time since last request: 0.000018 seconds.
  path: Assets/Blue_witch/B_witch_run.png
  artifactKey: Guid(d6d9d3fdbc13ea94d9d87ae6f6015969) Importer(815301076,1909f56bfc062723c751e8b465ee728b)
Start importing Assets/Blue_witch/B_witch_run.png using Guid(d6d9d3fdbc13ea94d9d87ae6f6015969) Importer(815301076,1909f56bfc062723c751e8b465ee728b)  -> (artifact id: 'f433137034adcb626947e8788dc0134b') in 0.014625 seconds
Number of updated asset objects reloaded before import = 0
Number of asset objects unloaded after import = 3
========================================================================
Received Import Request.
  Time since last request: 0.000017 seconds.
  path: Assets/Character/Climb.png
  artifactKey: Guid(10bc4e2666dcdec4b9356eb91a9889e8) Importer(815301076,1909f56bfc062723c751e8b465ee728b)
Start importing Assets/Character/Climb.png using Guid(10bc4e2666dcdec4b9356eb91a9889e8) Importer(815301076,1909f56bfc062723c751e8b465ee728b)  -> (artifact id: 'e356e864672267b4f00f5f42e4df9a61') in 0.010455 seconds
Number of updated asset objects reloaded before import = 0
Number of asset objects unloaded after import = 3
========================================================================
Received Import Request.
  Time since last request: 0.000025 seconds.
  path: Assets/Blue_witch/B_witch.gif
  artifactKey: Guid(fd6c2ece5a73ecf49a33bedcdabd895e) Importer(815301076,1909f56bfc062723c751e8b465ee728b)
Start importing Assets/Blue_witch/B_witch.gif using Guid(fd6c2ece5a73ecf49a33bedcdabd895e) Importer(815301076,1909f56bfc062723c751e8b465ee728b)  -> (artifact id: '882d057d8dbc57de6d602e5489a88a0c') in 0.012298 seconds
Number of updated asset objects reloaded before import = 0
Number of asset objects unloaded after import = 3
========================================================================
Received Import Request.
  Time since last request: 0.000015 seconds.
  path: Assets/Character/Deathj.png
  artifactKey: Guid(2d25cf1d1c9d7584cb4908b58076ccfe) Importer(815301076,1909f56bfc062723c751e8b465ee728b)
Start importing Assets/Character/Deathj.png using Guid(2d25cf1d1c9d7584cb4908b58076ccfe) Importer(815301076,1909f56bfc062723c751e8b465ee728b)  -> (artifact id: '493c238cb0f51fb632134f90fcba0fa8') in 0.018884 seconds
Number of updated asset objects reloaded before import = 0
Number of asset objects unloaded after import = 10
========================================================================
Received Import Request.
  Time since last request: 0.000014 seconds.
  path: Assets/Blue_witch/B_witch_charge.png
  artifactKey: Guid(84b9777e4365eef49a8837488818329b) Importer(815301076,1909f56bfc062723c751e8b465ee728b)
Start importing Assets/Blue_witch/B_witch_charge.png using Guid(84b9777e4365eef49a8837488818329b) Importer(815301076,1909f56bfc062723c751e8b465ee728b)  -> (artifact id: 'd2b121b25a9157a8d8ad3f674527febc') in 0.011710 seconds
Number of updated asset objects reloaded before import = 0
Number of asset objects unloaded after import = 3
========================================================================
Received Import Request.
  Time since last request: 0.000015 seconds.
  path: Assets/Blue_witch/B_witch_take_damage.png
  artifactKey: Guid(fa91d1ab2a35131429a94644fa28bdfa) Importer(815301076,1909f56bfc062723c751e8b465ee728b)
Start importing Assets/Blue_witch/B_witch_take_damage.png using Guid(fa91d1ab2a35131429a94644fa28bdfa) Importer(815301076,1909f56bfc062723c751e8b465ee728b)  -> (artifact id: 'f210b69915988878436596606f327b6e') in 0.013148 seconds
Number of updated asset objects reloaded before import = 0
Number of asset objects unloaded after import = 3
========================================================================
Received Import Request.
  Time since last request: 5.662956 seconds.
  path: Assets/SunnyLand Artwork/Scenes
  artifactKey: Guid(2fbfde5acb83dcf45971dff2335ebcb6) Importer(815301076,1909f56bfc062723c751e8b465ee728b)
Start importing Assets/SunnyLand Artwork/Scenes using Guid(2fbfde5acb83dcf45971dff2335ebcb6) Importer(815301076,1909f56bfc062723c751e8b465ee728b)  -> (artifact id: '411639789ee6f99b62d862009bf36b72') in 0.000492 seconds
Number of updated asset objects reloaded before import = 0
Number of asset objects unloaded after import = 0
